========================================================================================================================
Symbol Table: Global                                                             Parent: null
------------------------------------------------------------------------------------------------------------------------
Name           Type                     Category       Initial Value                 Size        Offset      Nested
------------------------------------------------------------------------------------------------------------------------
prints         integer                  function                                     4           0           prints
printi         integer                  function                                     4           4           printi
readi          integer                  function                                     4           8           readi
inc            integer                  function                                     4           12          inc
main           integer                  function                                     4           16          main
------------------------------------------------------------------------------------------------------------------------

========================================================================================================================
Symbol Table: prints                                                             Parent: Global
------------------------------------------------------------------------------------------------------------------------
Name           Type                     Category       Initial Value                 Size        Offset      Nested
------------------------------------------------------------------------------------------------------------------------
c              ptr(char)                param                                        4           0           null
return         integer                  local                                        4           4           null
------------------------------------------------------------------------------------------------------------------------

========================================================================================================================
Symbol Table: printi                                                             Parent: Global
------------------------------------------------------------------------------------------------------------------------
Name           Type                     Category       Initial Value                 Size        Offset      Nested
------------------------------------------------------------------------------------------------------------------------
i              integer                  param                                        4           0           null
return         integer                  local                                        4           4           null
------------------------------------------------------------------------------------------------------------------------

========================================================================================================================
Symbol Table: readi                                                              Parent: Global
------------------------------------------------------------------------------------------------------------------------
Name           Type                     Category       Initial Value                 Size        Offset      Nested
------------------------------------------------------------------------------------------------------------------------
eP             ptr(integer)             param                                        4           0           null
return         integer                  local                                        4           4           null
------------------------------------------------------------------------------------------------------------------------

========================================================================================================================
Symbol Table: inc                                                                Parent: Global
------------------------------------------------------------------------------------------------------------------------
Name           Type                     Category       Initial Value                 Size        Offset      Nested
------------------------------------------------------------------------------------------------------------------------
a              integer                  param                                        4           0           null
b              integer                  param                                        4           4           null
return         integer                  local                                        4           8           null
t00            integer                  temp           5                             4           12          null
t01            integer                  temp                                         4           16          null
t02            integer                  temp                                         4           20          null
t03            integer                  temp                                         4           24          null
------------------------------------------------------------------------------------------------------------------------

========================================================================================================================
Symbol Table: main                                                               Parent: Global
------------------------------------------------------------------------------------------------------------------------
Name           Type                     Category       Initial Value                 Size        Offset      Nested
------------------------------------------------------------------------------------------------------------------------
return         integer                  local                                        4           0           null
i              integer                  local                                        4           4           null
j              integer                  local          10                            4           8           null
t00            integer                  temp           10                            4           12          null
t01            integer                  temp           1                             4           16          null
t02            integer                  temp                                         4           20          null
prints         integer                  local                                        4           24          null
t03            ptr(char)                temp           "HELLO\n"                     4           28          null
t04            integer                  temp                                         4           32          null
inc            integer                  local                                        4           36          null
t05            integer                  temp                                         4           40          null
t06            integer                  temp                                         4           44          null
printi         integer                  local                                        4           48          null
t07            integer                  temp                                         4           52          null
t08            integer                  temp           0                             4           56          null
------------------------------------------------------------------------------------------------------------------------

==============================
Quad Translation
------------------------------

inc: 

	1   :	t00 = 5
	2   :	t01 = b + t00
	3   :	t02 = t01 + a
	4   :	b = t02
	5   :	ret b

main: 

	8   :	t00 = 10
	9   :	j = t00
	10  :	t01 = 1
	11  :	i = t01
	12  :	op
	13  :	param t03
	14  :	t04 = call prints, 1
	15  :	param i
	16  :	param j
	17  :	t05 = call inc, 2
	18  :	j = t05
	19  :	param j
	20  :	t07 = call printi, 1
	21  :	t08 = 0
	22  :	ret t08
------------------------------
