========================================================================================================================
Symbol Table: Global                                                             Parent: null
------------------------------------------------------------------------------------------------------------------------
Name           Type                     Category       Initial Value                 Size        Offset      Nested
------------------------------------------------------------------------------------------------------------------------
prints         integer                  function                                     4           0           prints
printi         integer                  function                                     4           4           printi
readi          integer                  function                                     4           8           readi
main           integer                  function                                     4           12          main
------------------------------------------------------------------------------------------------------------------------

========================================================================================================================
Symbol Table: prints                                                             Parent: Global
------------------------------------------------------------------------------------------------------------------------
Name           Type                     Category       Initial Value                 Size        Offset      Nested
------------------------------------------------------------------------------------------------------------------------
c              ptr(char)                param                                        4           0           null
return         integer                  local                                        4           4           null
------------------------------------------------------------------------------------------------------------------------

========================================================================================================================
Symbol Table: printi                                                             Parent: Global
------------------------------------------------------------------------------------------------------------------------
Name           Type                     Category       Initial Value                 Size        Offset      Nested
------------------------------------------------------------------------------------------------------------------------
i              integer                  param                                        4           0           null
return         integer                  local                                        4           4           null
------------------------------------------------------------------------------------------------------------------------

========================================================================================================================
Symbol Table: readi                                                              Parent: Global
------------------------------------------------------------------------------------------------------------------------
Name           Type                     Category       Initial Value                 Size        Offset      Nested
------------------------------------------------------------------------------------------------------------------------
eP             ptr(integer)             param                                        4           0           null
return         integer                  local                                        4           4           null
------------------------------------------------------------------------------------------------------------------------

========================================================================================================================
Symbol Table: main                                                               Parent: Global
------------------------------------------------------------------------------------------------------------------------
Name           Type                     Category       Initial Value                 Size        Offset      Nested
------------------------------------------------------------------------------------------------------------------------
return         integer                  local                                        4           0           null
a              integer                  local          5                             4           4           null
t00            integer                  temp           5                             4           8           null
b              integer                  local          2                             4           12          null
t01            integer                  temp           2                             4           16          null
c              integer                  local                                        4           20          null
ch             char                     local          'x'                           1           24          null
t02            char                     temp           'x'                           1           25          null
str            ptr(char)                local                                        4           26          null
t03            ptr(char)                temp           "abc\n"                       4           30          null
t04            ptr(null)                temp                                         4           34          null
stri           ptr(char)                local                                        4           38          null
t05            ptr(char)                temp           "abcd"                        4           42          null
t06            ptr(null)                temp                                         4           46          null
read           integer                  local                                        4           50          null
t07            integer                  temp           5                             4           54          null
t08            integer                  temp                                         4           58          null
eP             integer                  local                                        4           62          null
t09            integer                  temp                                         4           66          null
t10            integer                  temp                                         4           70          null
t11            integer                  temp                                         4           74          null
prints         integer                  local                                        4           78          null
t12            ptr(char)                temp           "Please enter a number: "     4           82          null
t13            integer                  temp                                         4           86          null
readi          integer                  local                                        4           90          null
t14            ptr(integer)             temp                                         4           94          null
t15            integer                  temp                                         4           98          null
t16            integer                  temp                                         4           102         null
t17            ptr(char)                temp           "You Entered "                4           106         null
t18            integer                  temp                                         4           110         null
printi         integer                  local                                        4           114         null
t19            integer                  temp                                         4           118         null
t20            integer                  temp                                         4           122         null
t21            ptr(char)                temp           "\n"                          4           126         null
t22            integer                  temp                                         4           130         null
------------------------------------------------------------------------------------------------------------------------

==============================
Quad Translation
------------------------------

main: 

	1   :	t00 = 5
	2   :	a = t00
	3   :	t01 = 2
	4   :	b = t01
	5   :	op
	6   :	ch = t02
	7   :	op
	8   :	str = t03
	9   :	op
	10  :	stri = t05
	11  :	t07 = 5
	12  :	read = t07
	13  :	if a < b goto 16
	14  :	goto 19
	15  :	goto 21
	16  :	t09 = a
	17  :	a = a + 1
	18  :	goto 21
	19  :	t10 = a + b
	20  :	c = t10
	21  :	op
	22  :	param t12
	23  :	t13 = call prints, 1
	24  :	t14 = &eP
	25  :	param t14
	26  :	t15 = call readi, 1
	27  :	read = t15
	28  :	op
	29  :	param t17
	30  :	t18 = call prints, 1
	31  :	param read
	32  :	t19 = call printi, 1
	33  :	c = t19
	34  :	op
	35  :	param t21
	36  :	t22 = call prints, 1
	37  :	ret 
------------------------------
