========================================================================================================================
Symbol Table: Global                                                             Parent: null
------------------------------------------------------------------------------------------------------------------------
Name           Type                     Category       Initial Value                 Size        Offset      Nested
------------------------------------------------------------------------------------------------------------------------
prints         integer                  function                                     4           0           prints
printi         integer                  function                                     4           4           printi
readi          integer                  function                                     4           8           readi
a              integer                  local                                        4           12          null
b              integer                  local          1                             4           16          null
t00            integer                  temp           1                             4           20          null
c              char                     local                                        1           24          null
d              char                     local          'a'                           1           25          null
t01            char                     temp           'a'                           1           26          null
add            integer                  function                                     4           27          add
main           integer                  function                                     4           31          main
------------------------------------------------------------------------------------------------------------------------

========================================================================================================================
Symbol Table: prints                                                             Parent: Global
------------------------------------------------------------------------------------------------------------------------
Name           Type                     Category       Initial Value                 Size        Offset      Nested
------------------------------------------------------------------------------------------------------------------------
c              ptr(char)                param                                        4           0           null
return         integer                  local                                        4           4           null
------------------------------------------------------------------------------------------------------------------------

========================================================================================================================
Symbol Table: printi                                                             Parent: Global
------------------------------------------------------------------------------------------------------------------------
Name           Type                     Category       Initial Value                 Size        Offset      Nested
------------------------------------------------------------------------------------------------------------------------
i              integer                  param                                        4           0           null
return         integer                  local                                        4           4           null
------------------------------------------------------------------------------------------------------------------------

========================================================================================================================
Symbol Table: readi                                                              Parent: Global
------------------------------------------------------------------------------------------------------------------------
Name           Type                     Category       Initial Value                 Size        Offset      Nested
------------------------------------------------------------------------------------------------------------------------
eP             ptr(integer)             param                                        4           0           null
return         integer                  local                                        4           4           null
------------------------------------------------------------------------------------------------------------------------

========================================================================================================================
Symbol Table: add                                                                Parent: Global
------------------------------------------------------------------------------------------------------------------------
Name           Type                     Category       Initial Value                 Size        Offset      Nested
------------------------------------------------------------------------------------------------------------------------
a              integer                  param                                        4           0           null
b              integer                  param                                        4           4           null
return         integer                  local                                        4           8           null
ans            integer                  local                                        4           12          null
c              integer                  local          2                             4           16          null
t00            integer                  temp           2                             4           20          null
d              integer                  local                                        4           24          null
arr            arr(10, integer)         local                                        40          28          null
t01            integer                  temp           10                            4           68          null
p              ptr(integer)             local                                        4           72          null
prints         integer                  local                                        4           76          null
t02            ptr(char)                temp           "Got into function\n"         4           80          null
t03            integer                  temp                                         4           84          null
t04            integer                  temp                                         4           88          null
t05            integer                  temp                                         4           92          null
t06            integer                  temp           2                             4           96          null
t07            integer                  temp                                         4           100         null
t08            integer                  temp                                         4           104         null
t09            integer                  temp                                         4           108         null
t10            integer                  temp                                         4           112         null
t11            ptr(integer)             temp                                         4           116         null
t12            ptr(null)                temp                                         4           120         null
t13            integer                  temp                                         4           124         null
t14            integer                  temp                                         4           128         null
t15            integer                  temp                                         4           132         null
t16            integer                  temp                                         4           136         null
t17            integer                  temp                                         4           140         null
t18            integer                  temp                                         4           144         null
t19            integer                  temp           2                             4           148         null
t20            integer                  temp                                         4           152         null
t21            integer                  temp                                         4           156         null
t22            integer                  temp           8                             4           160         null
t23            integer                  temp                                         4           164         null
t24            integer                  temp                                         4           168         null
t25            integer                  temp                                         4           172         null
t26            ptr(char)                temp           "Returning from function\n"   4           176         null
t27            integer                  temp                                         4           180         null
------------------------------------------------------------------------------------------------------------------------

========================================================================================================================
Symbol Table: main                                                               Parent: Global
------------------------------------------------------------------------------------------------------------------------
Name           Type                     Category       Initial Value                 Size        Offset      Nested
------------------------------------------------------------------------------------------------------------------------
return         integer                  local                                        4           0           null
c              integer                  local          2                             4           4           null
t00            integer                  temp           2                             4           8           null
d              integer                  local                                        4           12          null
arr            arr(10, integer)         local                                        40          16          null
t01            integer                  temp           10                            4           56          null
p              ptr(integer)             local                                        4           60          null
x              integer                  local                                        4           64          null
y              integer                  local                                        4           68          null
z              integer                  local                                        4           72          null
eP             integer                  local                                        4           76          null
prints         integer                  local                                        4           80          null
t02            ptr(char)                temp           "Enter two numbers to find their sum using a function call\n"4           84          null
t03            integer                  temp                                         4           88          null
readi          integer                  local                                        4           92          null
t04            ptr(integer)             temp                                         4           96          null
t05            integer                  temp                                         4           100         null
t06            integer                  temp                                         4           104         null
t07            ptr(integer)             temp                                         4           108         null
t08            integer                  temp                                         4           112         null
t09            integer                  temp                                         4           116         null
add            integer                  local                                        4           120         null
t10            integer                  temp                                         4           124         null
t11            integer                  temp                                         4           128         null
t12            ptr(char)                temp           "Sum is equal to "            4           132         null
t13            integer                  temp                                         4           136         null
printi         integer                  local                                        4           140         null
t14            integer                  temp                                         4           144         null
t15            ptr(char)                temp           "\n"                          4           148         null
t16            integer                  temp                                         4           152         null
t17            integer                  temp                                         4           156         null
a              integer                  local                                        4           160         null
t18            integer                  temp                                         4           164         null
t19            integer                  temp           2                             4           168         null
t20            integer                  temp                                         4           172         null
t21            integer                  temp                                         4           176         null
t22            integer                  temp                                         4           180         null
t23            integer                  temp                                         4           184         null
t24            integer                  temp                                         4           188         null
------------------------------------------------------------------------------------------------------------------------

==============================
Quad Translation
------------------------------
	0   :	t00 = 1
	1   :	b = t00
	2   :	op
	3   :	d = t01

add: 

	5   :	t00 = 2
	6   :	c = t00
	7   :	t01 = 10
	8   :	op
	9   :	param t02
	10  :	t03 = call prints, 1
	11  :	t04 = a + b
	12  :	ans = t04
	13  :	t06 = 2
	14  :	d = t06
	15  :	if a >= d goto 18
	16  :	goto 21
	17  :	goto 23
	18  :	t08 = a
	19  :	a = a + 1
	20  :	goto 23
	21  :	t09 = a + b
	22  :	c = t09
	23  :	t11 = &c
	24  :	p = t11
	25  :	t13 = *p
	26  :	b = t13
	27  :	t15 = a
	28  :	a = a + 1
	29  :	t16 = *p
	30  :	*p = a
	31  :	t17 = -a
	32  :	a = t17
	33  :	t19 = 2
	34  :	t20 = t19 * 4
	35  :	arr[t20] = a
	36  :	t22 = 8
	37  :	t23 = t22 * 4
	38  :	t24 = arr[t23]
	39  :	a = t24
	40  :	op
	41  :	param t26
	42  :	t27 = call prints, 1
	43  :	ret ans

main: 

	46  :	t00 = 2
	47  :	c = t00
	48  :	t01 = 10
	49  :	op
	50  :	param t02
	51  :	t03 = call prints, 1
	52  :	t04 = &eP
	53  :	param t04
	54  :	t05 = call readi, 1
	55  :	x = t05
	56  :	t07 = &eP
	57  :	param t07
	58  :	t08 = call readi, 1
	59  :	y = t08
	60  :	param x
	61  :	param y
	62  :	t10 = call add, 2
	63  :	z = t10
	64  :	op
	65  :	param t12
	66  :	t13 = call prints, 1
	67  :	param z
	68  :	t14 = call printi, 1
	69  :	op
	70  :	param t15
	71  :	t16 = call prints, 1
	72  :	t17 = d * 4
	73  :	arr[t17] = a
	74  :	t19 = 2
	75  :	t20 = t19 * 4
	76  :	arr[t20] = a
	77  :	t22 = c * 4
	78  :	t23 = arr[t22]
	79  :	a = t23
	80  :	ret c
------------------------------
