========================================================================================================================
Symbol Table: Global                                                             Parent: null
------------------------------------------------------------------------------------------------------------------------
Name           Type                     Category       Initial Value                 Size        Offset      Nested
------------------------------------------------------------------------------------------------------------------------
prints         integer                  function                                     4           0           prints
printi         integer                  function                                     4           4           printi
inc            integer                  function                                     4           8           inc
main           integer                  function                                     4           12          main
------------------------------------------------------------------------------------------------------------------------

========================================================================================================================
Symbol Table: prints                                                             Parent: Global
------------------------------------------------------------------------------------------------------------------------
Name           Type                     Category       Initial Value                 Size        Offset      Nested
------------------------------------------------------------------------------------------------------------------------
c              ptr(char)                param                                        4           0           null
return         integer                  local                                        4           4           null
------------------------------------------------------------------------------------------------------------------------

========================================================================================================================
Symbol Table: printi                                                             Parent: Global
------------------------------------------------------------------------------------------------------------------------
Name           Type                     Category       Initial Value                 Size        Offset      Nested
------------------------------------------------------------------------------------------------------------------------
i              integer                  param                                        4           0           null
return         integer                  local                                        4           4           null
------------------------------------------------------------------------------------------------------------------------

========================================================================================================================
Symbol Table: inc                                                                Parent: Global
------------------------------------------------------------------------------------------------------------------------
Name           Type                     Category       Initial Value                 Size        Offset      Nested
------------------------------------------------------------------------------------------------------------------------
a              integer                  param                                        4           0           null
b              integer                  param                                        4           4           null
return         integer                  local                                        4           8           null
prints         integer                  local                                        4           12          null
t00            ptr(char)                temp           "\n\nEntered the function \n" 4           16          null
t01            integer                  temp                                         4           20          null
t02            integer                  temp           5                             4           24          null
t03            integer                  temp                                         4           28          null
t04            integer                  temp                                         4           32          null
t05            integer                  temp                                         4           36          null
t06            ptr(char)                temp           "Value to be returned is : "  4           40          null
t07            integer                  temp                                         4           44          null
printi         integer                  local                                        4           48          null
t08            integer                  temp                                         4           52          null
------------------------------------------------------------------------------------------------------------------------

========================================================================================================================
Symbol Table: main                                                               Parent: Global
------------------------------------------------------------------------------------------------------------------------
Name           Type                     Category       Initial Value                 Size        Offset      Nested
------------------------------------------------------------------------------------------------------------------------
return         integer                  local                                        4           0           null
i              integer                  local                                        4           4           null
j              integer                  local          10                            4           8           null
t00            integer                  temp           10                            4           12          null
t01            integer                  temp           1                             4           16          null
t02            integer                  temp                                         4           20          null
prints         integer                  local                                        4           24          null
t03            ptr(char)                temp           "Entering the function inc... \n"4           28          null
t04            integer                  temp                                         4           32          null
inc            integer                  local                                        4           36          null
t05            integer                  temp                                         4           40          null
t06            integer                  temp                                         4           44          null
t07            ptr(char)                temp           "\n\nThe value returned from the function is \n"4           48          null
t08            integer                  temp                                         4           52          null
printi         integer                  local                                        4           56          null
t09            integer                  temp                                         4           60          null
t10            ptr(char)                temp           "\n"                          4           64          null
t11            integer                  temp                                         4           68          null
t12            integer                  temp           0                             4           72          null
------------------------------------------------------------------------------------------------------------------------

==============================
Quad Translation
------------------------------

inc: 

	1   :	op
	2   :	param t00
	3   :	t01 = call prints, 1
	4   :	t02 = 5
	5   :	t03 = b + t02
	6   :	t04 = t03 + a
	7   :	b = t04
	8   :	op
	9   :	param t06
	10  :	t07 = call prints, 1
	11  :	param b
	12  :	t08 = call printi, 1
	13  :	ret b

main: 

	16  :	t00 = 10
	17  :	j = t00
	18  :	t01 = 1
	19  :	i = t01
	20  :	op
	21  :	param t03
	22  :	t04 = call prints, 1
	23  :	param i
	24  :	param j
	25  :	t05 = call inc, 2
	26  :	j = t05
	27  :	op
	28  :	param t07
	29  :	t08 = call prints, 1
	30  :	param j
	31  :	t09 = call printi, 1
	32  :	op
	33  :	param t10
	34  :	t11 = call prints, 1
	35  :	t12 = 0
	36  :	ret t12
------------------------------
