========================================================================================================================
Symbol Table: Global                                                             Parent: null
------------------------------------------------------------------------------------------------------------------------
Name           Type                     Category       Initial Value                 Size        Offset      Nested
------------------------------------------------------------------------------------------------------------------------
prints         integer                  function                                     4           0           prints
printi         integer                  function                                     4           4           printi
readi          integer                  function                                     4           8           readi
fib            integer                  function                                     4           12          fib
main           integer                  function                                     4           16          main
------------------------------------------------------------------------------------------------------------------------

========================================================================================================================
Symbol Table: prints                                                             Parent: Global
------------------------------------------------------------------------------------------------------------------------
Name           Type                     Category       Initial Value                 Size        Offset      Nested
------------------------------------------------------------------------------------------------------------------------
c              ptr(char)                param                                        4           0           null
return         integer                  local                                        4           4           null
------------------------------------------------------------------------------------------------------------------------

========================================================================================================================
Symbol Table: printi                                                             Parent: Global
------------------------------------------------------------------------------------------------------------------------
Name           Type                     Category       Initial Value                 Size        Offset      Nested
------------------------------------------------------------------------------------------------------------------------
i              integer                  param                                        4           0           null
return         integer                  local                                        4           4           null
------------------------------------------------------------------------------------------------------------------------

========================================================================================================================
Symbol Table: readi                                                              Parent: Global
------------------------------------------------------------------------------------------------------------------------
Name           Type                     Category       Initial Value                 Size        Offset      Nested
------------------------------------------------------------------------------------------------------------------------
eP             ptr(integer)             param                                        4           0           null
return         integer                  local                                        4           4           null
------------------------------------------------------------------------------------------------------------------------

========================================================================================================================
Symbol Table: fib                                                                Parent: Global
------------------------------------------------------------------------------------------------------------------------
Name           Type                     Category       Initial Value                 Size        Offset      Nested
------------------------------------------------------------------------------------------------------------------------
a              integer                  param                                        4           0           null
return         integer                  local                                        4           4           null
prints         integer                  local                                        4           8           null
t00            ptr(char)                temp           "Entered the fib function\n"  4           12          null
t01            integer                  temp                                         4           16          null
f              integer                  local          1                             4           20          null
t02            integer                  temp           1                             4           24          null
f_1            integer                  local          0                             4           28          null
t03            integer                  temp           0                             4           32          null
i              integer                  local          1                             4           36          null
t04            integer                  temp           1                             4           40          null
temp           integer                  local                                        4           44          null
t05            integer                  temp                                         4           48          null
t06            integer                  temp                                         4           52          null
t07            integer                  temp                                         4           56          null
t08            integer                  temp                                         4           60          null
t09            integer                  temp           1                             4           64          null
t10            integer                  temp                                         4           68          null
t11            integer                  temp                                         4           72          null
t12            ptr(char)                temp           "\nThe fibonacci number is : "4           76          null
t13            integer                  temp                                         4           80          null
printi         integer                  local                                        4           84          null
t14            integer                  temp                                         4           88          null
------------------------------------------------------------------------------------------------------------------------

========================================================================================================================
Symbol Table: main                                                               Parent: Global
------------------------------------------------------------------------------------------------------------------------
Name           Type                     Category       Initial Value                 Size        Offset      Nested
------------------------------------------------------------------------------------------------------------------------
return         integer                  local                                        4           0           null
prints         integer                  local                                        4           4           null
t00            ptr(char)                temp           "enter the i for finding its fibonacci number : "4           8           null
t01            integer                  temp                                         4           12          null
i              integer                  local                                        4           16          null
ep             integer                  local                                        4           20          null
readi          integer                  local                                        4           24          null
t02            ptr(integer)             temp                                         4           28          null
t03            integer                  temp                                         4           32          null
t04            integer                  temp                                         4           36          null
t05            ptr(char)                temp           "\n\nYou Entered : "          4           40          null
t06            integer                  temp                                         4           44          null
printi         integer                  local                                        4           48          null
t07            integer                  temp                                         4           52          null
t08            ptr(char)                temp           "\nNow, entering the function to calculate fibonacci numbers for i entered\n"4           56          null
t09            integer                  temp                                         4           60          null
j              integer                  local                                        4           64          null
fib            integer                  local                                        4           68          null
t10            integer                  temp                                         4           72          null
t11            integer                  temp                                         4           76          null
t12            ptr(char)                temp           "\n\nReturned from the fib function\n\n"4           80          null
t13            integer                  temp                                         4           84          null
------------------------------------------------------------------------------------------------------------------------

==============================
Quad Translation
------------------------------

fib: 

	1   :	op
	2   :	param t00
	3   :	t01 = call prints, 1
	4   :	t02 = 1
	5   :	f = t02
	6   :	t03 = 0
	7   :	f_1 = t03
	8   :	t04 = 1
	9   :	i = t04
	10  :	if i < a goto 12
	11  :	goto 20
	12  :	temp = f
	13  :	t06 = f + f_1
	14  :	f = t06
	15  :	f_1 = temp
	16  :	t09 = 1
	17  :	t10 = i + t09
	18  :	i = t10
	19  :	goto 10
	20  :	op
	21  :	param t12
	22  :	t13 = call prints, 1
	23  :	param f
	24  :	t14 = call printi, 1
	25  :	ret f

main: 

	28  :	op
	29  :	param t00
	30  :	t01 = call prints, 1
	31  :	t02 = &ep
	32  :	param t02
	33  :	t03 = call readi, 1
	34  :	i = t03
	35  :	op
	36  :	param t05
	37  :	t06 = call prints, 1
	38  :	param i
	39  :	t07 = call printi, 1
	40  :	op
	41  :	param t08
	42  :	t09 = call prints, 1
	43  :	param i
	44  :	t10 = call fib, 1
	45  :	j = t10
	46  :	op
	47  :	param t12
	48  :	t13 = call prints, 1
	49  :	ret 
------------------------------
